<?xml version="1.0" encoding="UTF-8"?>
<testsuite name="NegativeTests" tests="2" skipped="0" failures="0" errors="0" timestamp="2020-07-24T13:19:00" hostname="WIN-GC180E4JFCL" time="0.823">
  <properties/>
  <testcase name="CantUpdateNonExistingContact" classname="NegativeTests" time="0.786"/>
  <testcase name="searchUserWithInvalidName" classname="NegativeTests" time="0.036"/>
  <system-out><![CDATA[Request method:	PUT
Request URI:	http://localhost:8080/users/2/contacts/66
Proxy:			<none>
Request params:	<none>
Query params:	<none>
Form params:	<none>
Path params:	userId=2
				contactId=66
Headers:		Accept=application/json
				Content-Type=application/json; charset=UTF-8
Cookies:		<none>
Multiparts:		<none>
Body:
{
    "id": 5,
    "firstName": "Oleg",
    "lastName": "Petrov",
    "phone": "1234567890",
    "email": "om@tv.ru"
}
HTTP/1.1 404 
Content-Type: application/json
Transfer-Encoding: chunked
Date: Fri, 24 Jul 2020 13:19:01 GMT

{
    "timestamp": "2020-07-24 04:19:01",
    "status": 404,
    "error": "Contact with id:66 not found"
}
Request method:	GET
Request URI:	http://localhost:8080/users/search?name=666
Proxy:			<none>
Request params:	<none>
Query params:	<none>
Form params:	<none>
Path params:	invalidUserName=666
Headers:		Accept=application/json
				Content-Type=application/json; charset=UTF-8
Cookies:		<none>
Multiparts:		<none>
Body:			<none>
HTTP/1.1 404 
Content-Type: application/json
Transfer-Encoding: chunked
Date: Fri, 24 Jul 2020 13:19:01 GMT

{
    "timestamp": "2020-07-24 04:19:01",
    "status": 404,
    "error": "Users with this name: 666 is not present"
}
]]></system-out>
  <system-err><![CDATA[]]></system-err>
</testsuite>
